▁▁▁▁▁▁▁▁▁▁▁▁▁▁▁▁▁▁▁▁▁▁▁▁▁▁▁▁▁▁▁▁▁▁▁▁▁▁▁▁▁▁▁▁▁▁▁▁▁▁▁▁ 
Command List for Analog module at address 0x2A (042) 
 ┄ prefix ┄┄ slot id ┄┄ range mode ┄
 ░░░░ G ░░░░░░░ 00 ░░░░░░░░ 08 ░░░░░
 ░░░░ G ░░░░░░░ 01 ░░░░░░░░ 08 ░░░░░
 ░░░░ G ░░░░░░░ 02 ░░░░░░░░ 05 ░░░░░
 ░░░░ G ░░░░░░░ 03 ░░░░░░░░ 07 ░░░░░
 ┄ prefix ┄┄ slot id ┄┄ chkpt count ┄
 ░░░░ E ░░░░░░░ 00 ░░░░░░░ 00 0E ░░░░
 ░░░░ E ░░░░░░░ 01 ░░░░░░░ 00 0E ░░░░
 ░░░░ E ░░░░░░░ 02 ░░░░░░░ 00 09 ░░░░
 ░░░░ E ░░░░░░░ 03 ░░░░░░░ 00 03 ░░░░
 ┄ prefix ┄┄ slot id ┄┄ chkpt pos ┄┄┄┄ duration ┄┄┄┄┄ voltage ┄┄┄
 ░░░░ U ░░░░░░░ 00 ░░░░░░ 00 00 ░░░░ FF FF FF FE ░░ 80 00 80 00 ░
 ░░░░ U ░░░░░░░ 00 ░░░░░░ 00 01 ░░░░ FF FF FF FE ░░ 93 C6 80 00 ░
 ░░░░ U ░░░░░░░ 00 ░░░░░░ 00 02 ░░░░ 00 02 57 9A ░░ 00 00 00 00 ░
 ░░░░ U ░░░░░░░ 00 ░░░░░░ 00 03 ░░░░ FF FF FF FE ░░ 93 C6 80 00 ░
 ░░░░ U ░░░░░░░ 00 ░░░░░░ 00 04 ░░░░ FF FF FF FE ░░ 80 00 80 00 ░
 ░░░░ U ░░░░░░░ 00 ░░░░░░ 00 05 ░░░░ 00 00 05 DA ░░ 00 00 00 00 ░
 ░░░░ U ░░░░░░░ 00 ░░░░░░ 00 06 ░░░░ FF FF FF FE ░░ 80 00 80 00 ░
 ░░░░ U ░░░░░░░ 00 ░░░░░░ 00 07 ░░░░ 00 00 0F 9F ░░ 00 08 03 F8 ░
 ░░░░ U ░░░░░░░ 00 ░░░░░░ 00 08 ░░░░ FF FF FF FE ░░ FD 3E 80 00 ░
 ░░░░ U ░░░░░░░ 00 ░░░░░░ 00 09 ░░░░ 00 01 63 76 ░░ 00 00 00 00 ░
 ░░░░ U ░░░░░░░ 00 ░░░░░░ 00 0A ░░░░ FF FF FF FE ░░ FD 3E 80 00 ░
 ░░░░ U ░░░░░░░ 00 ░░░░░░ 00 0B ░░░░ FF FF FF FE ░░ 80 00 80 00 ░
 ░░░░ U ░░░░░░░ 00 ░░░░░░ 00 0C ░░░░ 00 00 00 01 ░░ 00 00 00 00 ░
 ░░░░ U ░░░░░░░ 00 ░░░░░░ 00 0D ░░░░ FF FF FF FE ░░ 80 00 80 00 ░
 ░░░░ U ░░░░░░░ 01 ░░░░░░ 00 00 ░░░░ FF FF FF FE ░░ 80 00 80 00 ░
 ░░░░ U ░░░░░░░ 01 ░░░░░░ 00 01 ░░░░ FF FF FF FE ░░ 92 A3 80 00 ░
 ░░░░ U ░░░░░░░ 01 ░░░░░░ 00 02 ░░░░ 00 02 57 9A ░░ 00 00 00 00 ░
 ░░░░ U ░░░░░░░ 01 ░░░░░░ 00 03 ░░░░ FF FF FF FE ░░ 92 A3 80 00 ░
 ░░░░ U ░░░░░░░ 01 ░░░░░░ 00 04 ░░░░ FF FF FF FE ░░ 80 00 80 00 ░
 ░░░░ U ░░░░░░░ 01 ░░░░░░ 00 05 ░░░░ 00 00 05 DA ░░ 00 00 00 00 ░
 ░░░░ U ░░░░░░░ 01 ░░░░░░ 00 06 ░░░░ FF FF FF FE ░░ 80 00 80 00 ░
 ░░░░ U ░░░░░░░ 01 ░░░░░░ 00 07 ░░░░ 00 00 0F 9F ░░ FF F8 71 BA ░
 ░░░░ U ░░░░░░░ 01 ░░░░░░ 00 08 ░░░░ FF FF FF FE ░░ 09 F1 80 00 ░
 ░░░░ U ░░░░░░░ 01 ░░░░░░ 00 09 ░░░░ 00 01 63 76 ░░ 00 00 00 00 ░
 ░░░░ U ░░░░░░░ 01 ░░░░░░ 00 0A ░░░░ FF FF FF FE ░░ 09 F1 80 00 ░
 ░░░░ U ░░░░░░░ 01 ░░░░░░ 00 0B ░░░░ FF FF FF FE ░░ 80 00 80 00 ░
 ░░░░ U ░░░░░░░ 01 ░░░░░░ 00 0C ░░░░ 00 00 00 01 ░░ 00 00 00 00 ░
 ░░░░ U ░░░░░░░ 01 ░░░░░░ 00 0D ░░░░ FF FF FF FE ░░ 80 00 80 00 ░
 ░░░░ U ░░░░░░░ 02 ░░░░░░ 00 00 ░░░░ FF FF FF FE ░░ DC 28 80 00 ░
 ░░░░ U ░░░░░░░ 02 ░░░░░░ 00 01 ░░░░ 00 00 23 27 ░░ FF FC CB CE ░
 ░░░░ U ░░░░░░░ 02 ░░░░░░ 00 02 ░░░░ FF FF FF FE ░░ 6B 85 80 00 ░
 ░░░░ U ░░░░░░░ 02 ░░░░░░ 00 03 ░░░░ 00 00 05 DB ░░ 00 00 00 00 ░
 ░░░░ U ░░░░░░░ 02 ░░░░░░ 00 04 ░░░░ FF FF FF FE ░░ 6B 85 80 00 ░
 ░░░░ U ░░░░░░░ 02 ░░░░░░ 00 05 ░░░░ 00 01 5B A7 ░░ 00 00 52 F1 ░
 ░░░░ U ░░░░░░░ 02 ░░░░░░ 00 06 ░░░░ FF FF FF FE ░░ DC 28 80 00 ░
 ░░░░ U ░░░░░░░ 02 ░░░░░░ 00 07 ░░░░ 00 00 00 01 ░░ 00 00 00 00 ░
 ░░░░ U ░░░░░░░ 02 ░░░░░░ 00 08 ░░░░ FF FF FF FE ░░ DC 28 80 00 ░
 ░░░░ U ░░░░░░░ 03 ░░░░░░ 00 00 ░░░░ FF FF FF FE ░░ 00 00 80 00 ░
 ░░░░ U ░░░░░░░ 03 ░░░░░░ 00 01 ░░░░ 00 03 D0 91 ░░ 00 00 00 00 ░
 ░░░░ U ░░░░░░░ 03 ░░░░░░ 00 02 ░░░░ FF FF FF FE ░░ 00 00 80 00 ░
 ┄ prefix ┄
 ░░░░ T ░░░
▁▁▁▁▁▁▁▁▁▁▁▁▁▁▁▁▁▁▁▁▁▁▁▁▁▁▁▁▁▁▁▁▁▁▁▁▁▁▁▁▁▁▁▁▁▁▁▁▁▁▁▁ 
Command List for DDS RF module at address 0x31 (049) 
 ┄ prefix ┄┄ slot id ┄┄ chkpt count ┄
 ░░░░ E ░░░░░░░ 00 ░░░░░░░ 00 0E ░░░░
 ░░░░ E ░░░░░░░ 01 ░░░░░░░ 00 14 ░░░░
 ░░░░ E ░░░░░░░ 02 ░░░░░░░ 00 09 ░░░░
 ░░░░ E ░░░░░░░ 03 ░░░░░░░ 00 05 ░░░░
 ┄ prefix ┄┄ slot id ┄┄ mask ┄┄ chkpt pos ┄┄┄┄ duration ┄┄┄┄┄┄ value ┄┄┄┄
 ░░░░ U ░░░░░░░ 00 ░░░░░ 00 ░░░░░ 00 00 ░░░░ 00 02 4D D8 ░░ 00 00 00 00 ░
 ░░░░ U ░░░░░░░ 00 ░░░░░ 22 ░░░░░ 00 01 ░░░░ 00 00 03 E7 ░░ 00 07 13 F0 ░
 ░░░░ U ░░░░░░░ 00 ░░░░░ 22 ░░░░░ 00 02 ░░░░ FF FF FF FE ░░ 60 C4 9B A6 ░
 ░░░░ U ░░░░░░░ 00 ░░░░░ 21 ░░░░░ 00 03 ░░░░ 00 00 07 CF ░░ FF FF A4 57 ░
 ░░░░ U ░░░░░░░ 00 ░░░░░ 21 ░░░░░ 00 04 ░░░░ FF FF FF FE ░░ 01 33 66 66 ░
 ░░░░ U ░░░░░░░ 00 ░░░░░ 21 ░░░░░ 00 05 ░░░░ 00 01 76 FF ░░ 00 00 01 E9 ░
 ░░░░ U ░░░░░░░ 00 ░░░░░ 21 ░░░░░ 00 06 ░░░░ FF FF FF FE ░░ 03 FF 80 00 ░
 ░░░░ U ░░░░░░░ 00 ░░░░░ 00 ░░░░░ 00 07 ░░░░ 00 00 00 01 ░░ 00 00 00 00 ░
 ░░░░ U ░░░░░░░ 00 ░░░░░ D1 ░░░░░ 00 08 ░░░░ FF FF FF FC ░░ 00 00 80 00 ░
 ░░░░ U ░░░░░░░ 00 ░░░░░ 00 ░░░░░ 00 09 ░░░░ 00 00 00 01 ░░ 00 00 00 00 ░
 ░░░░ U ░░░░░░░ 00 ░░░░░ 12 ░░░░░ 00 0A ░░░░ FF FF FF FC ░░ 2B 02 0C 4A ░
 ░░░░ U ░░░░░░░ 00 ░░░░░ 00 ░░░░░ 00 0B ░░░░ 00 00 00 03 ░░ 00 00 00 00 ░
 ░░░░ U ░░░░░░░ 00 ░░░░░ F4 ░░░░░ 00 0C ░░░░ FF FF FF FC ░░ 00 00 00 40 ░
 ░░░░ U ░░░░░░░ 00 ░░░░░ 00 ░░░░░ 00 0D ░░░░ 00 00 00 00 ░░ 00 00 00 00 ░
 ░░░░ U ░░░░░░░ 01 ░░░░░ 00 ░░░░░ 00 00 ░░░░ 00 02 55 44 ░░ 00 00 00 00 ░
 ░░░░ U ░░░░░░░ 01 ░░░░░ C1 ░░░░░ 00 01 ░░░░ 00 00 00 63 ░░ 00 0A 3A E1 ░
 ░░░░ U ░░░░░░░ 01 ░░░░░ C1 ░░░░░ 00 02 ░░░░ FF FF FF FE ░░ 03 FF 80 00 ░
 ░░░░ U ░░░░░░░ 01 ░░░░░ C4 ░░░░░ 00 03 ░░░░ 00 00 06 D5 ░░ FF F9 B4 FE ░
 ░░░░ U ░░░░░░░ 01 ░░░░░ C4 ░░░░░ 00 04 ░░░░ FF FF FF FE ░░ 0A C1 2F 65 ░
 ░░░░ U ░░░░░░░ 01 ░░░░░ C4 ░░░░░ 00 05 ░░░░ FF FF FF FE ░░ 00 00 00 40 ░
 ░░░░ U ░░░░░░░ 01 ░░░░░ C1 ░░░░░ 00 06 ░░░░ 00 00 1E 11 ░░ FF FF DE CC ░
 ░░░░ U ░░░░░░░ 01 ░░░░░ C1 ░░░░░ 00 07 ░░░░ FF FF FF FE ░░ 00 19 0D 50 ░
 ░░░░ U ░░░░░░░ 01 ░░░░░ C1 ░░░░░ 00 08 ░░░░ FF FF FF FE ░░ 00 00 80 00 ░
 ░░░░ U ░░░░░░░ 01 ░░░░░ C1 ░░░░░ 00 09 ░░░░ 00 00 02 25 ░░ 00 01 DC 29 ░
 ░░░░ U ░░░░░░░ 01 ░░░░░ C1 ░░░░░ 00 0A ░░░░ FF FF FF FE ░░ 03 FF 80 00 ░
 ░░░░ U ░░░░░░░ 01 ░░░░░ 00 ░░░░░ 00 0B ░░░░ 00 00 4C 2B ░░ 00 00 00 00 ░
 ░░░░ U ░░░░░░░ 01 ░░░░░ 11 ░░░░░ 00 0C ░░░░ FF FF FF FE ░░ 03 99 33 33 ░
 ░░░░ U ░░░░░░░ 01 ░░░░░ 00 ░░░░░ 00 0D ░░░░ 00 00 00 3C ░░ 00 00 00 00 ░
 ░░░░ U ░░░░░░░ 01 ░░░░░ 11 ░░░░░ 00 0E ░░░░ FF FF FF FE ░░ 00 00 80 00 ░
 ░░░░ U ░░░░░░░ 01 ░░░░░ 00 ░░░░░ 00 0F ░░░░ 00 01 07 70 ░░ 00 00 00 00 ░
 ░░░░ U ░░░░░░░ 01 ░░░░░ 21 ░░░░░ 00 10 ░░░░ FF FF FF FC ░░ 03 FF 80 00 ░
 ░░░░ U ░░░░░░░ 01 ░░░░░ 00 ░░░░░ 00 11 ░░░░ 00 00 00 01 ░░ 00 00 00 00 ░
 ░░░░ U ░░░░░░░ 01 ░░░░░ 22 ░░░░░ 00 12 ░░░░ FF FF FF FC ░░ 45 1E B8 52 ░
 ░░░░ U ░░░░░░░ 01 ░░░░░ 00 ░░░░░ 00 13 ░░░░ 00 00 00 00 ░░ 00 00 00 00 ░
 ░░░░ U ░░░░░░░ 02 ░░░░░ 00 ░░░░░ 00 00 ░░░░ 00 02 55 44 ░░ 00 00 00 00 ░
 ░░░░ U ░░░░░░░ 02 ░░░░░ C4 ░░░░░ 00 01 ░░░░ 00 00 00 63 ░░ 00 89 A8 C2 ░
 ░░░░ U ░░░░░░░ 02 ░░░░░ C4 ░░░░░ 00 02 ░░░░ FF FF FF FE ░░ 35 C5 EB FB ░
 ░░░░ U ░░░░░░░ 02 ░░░░░ 00 ░░░░░ 00 03 ░░░░ 00 00 03 E8 ░░ 00 00 00 00 ░
 ░░░░ U ░░░░░░░ 02 ░░░░░ 22 ░░░░░ 00 04 ░░░░ 00 01 76 FF ░░ FF FF ED 20 ░
 ░░░░ U ░░░░░░░ 02 ░░░░░ 22 ░░░░░ 00 05 ░░░░ FF FF FF FE ░░ 45 1E B8 52 ░
 ░░░░ U ░░░░░░░ 02 ░░░░░ 00 ░░░░░ 00 06 ░░░░ 00 00 00 03 ░░ 00 00 00 00 ░
 ░░░░ U ░░░░░░░ 02 ░░░░░ C2 ░░░░░ 00 07 ░░░░ FF FF FF FC ░░ 27 EF 9D B2 ░
 ░░░░ U ░░░░░░░ 02 ░░░░░ 00 ░░░░░ 00 08 ░░░░ 00 00 00 00 ░░ 00 00 00 00 ░
 ░░░░ U ░░░░░░░ 03 ░░░░░ 00 ░░░░░ 00 00 ░░░░ 00 02 7A C3 ░░ 00 00 00 00 ░
 ░░░░ U ░░░░░░░ 03 ░░░░░ 11 ░░░░░ 00 01 ░░░░ FF FF FF FE ░░ 03 99 33 33 ░
 ░░░░ U ░░░░░░░ 03 ░░░░░ 00 ░░░░░ 00 02 ░░░░ 00 00 00 3C ░░ 00 00 00 00 ░
 ░░░░ U ░░░░░░░ 03 ░░░░░ 11 ░░░░░ 00 03 ░░░░ FF FF FF FE ░░ 00 00 80 00 ░
 ░░░░ U ░░░░░░░ 03 ░░░░░ 00 ░░░░░ 00 04 ░░░░ 00 00 00 00 ░░ 00 00 00 00 ░
 ┄ prefix ┄
 ░░░░ T ░░░
▁▁▁▁▁▁▁▁▁▁▁▁▁▁▁▁▁▁▁▁▁▁▁▁▁▁▁▁▁▁▁▁▁▁▁▁▁▁▁▁▁▁▁▁▁▁▁▁▁▁▁▁▁ 
Command List for Digital module at address 0x10 (016) 
 ┄ prefix ┄┄ chkpt count ┄
 ░░░░ E ░░░░░░░ 00 0D ░░░░
 ┄ prefix ┄┄ chkpt pos ┄┄┄┄ duration ┄┄┄ value ┄
 ░░░░ U ░░░░░░ 00 00 ░░░░ 00 02 5D 78 ░░ A0 00 ░
 ░░░░ U ░░░░░░ 00 01 ░░░░ 00 00 1B 58 ░░ A0 01 ░
 ░░░░ U ░░░░░░ 00 02 ░░░░ 00 00 00 01 ░░ A0 01 ░
 ░░░░ U ░░░░░░ 00 03 ░░░░ 00 00 00 01 ░░ A0 41 ░
 ░░░░ U ░░░░░░ 00 04 ░░░░ 00 00 01 F2 ░░ A0 01 ░
 ░░░░ U ░░░░░░ 00 05 ░░░░ 00 00 01 F4 ░░ A0 03 ░
 ░░░░ U ░░░░░░ 00 06 ░░░░ 00 00 25 1C ░░ A0 01 ░
 ░░░░ U ░░░░░░ 00 07 ░░░░ 00 00 01 F4 ░░ A0 03 ░
 ░░░░ U ░░░░░░ 00 08 ░░░░ 00 00 25 1C ░░ A0 01 ░
 ░░░░ U ░░░░░░ 00 09 ░░░░ 00 00 01 F4 ░░ A0 03 ░
 ░░░░ U ░░░░░░ 00 0A ░░░░ 00 01 05 B8 ░░ A0 01 ░
 ░░░░ U ░░░░░░ 00 0B ░░░░ 00 00 00 0A ░░ 20 00 ░
 ░░░░ U ░░░░░░ 00 0C ░░░░ 00 00 00 01 ░░ A0 00 ░
 ┄ prefix ┄
 ░░░░ T ░░░
